<?xml version="1.0" encoding="UTF-8"?>
<!-- Generated by org.testng.reporters.JUnitReportReporter -->
<testsuite hostname="Kranti-PC" name="RestAssuredGroup.RestAssuredArtifact.restAssuredTest" tests="4" failures="0" timestamp="16 Apr 2018 19:51:11 GMT" time="3.701" errors="0">
  <testcase name="deleteTest" time="0.255" classname="RestAssuredGroup.RestAssuredArtifact.restAssuredTest"/>
  <testcase name="getTest" time="2.804" classname="RestAssuredGroup.RestAssuredArtifact.restAssuredTest"/>
  <testcase name="postTest" time="0.351" classname="RestAssuredGroup.RestAssuredArtifact.restAssuredTest"/>
  <testcase name="putTest" time="0.291" classname="RestAssuredGroup.RestAssuredArtifact.restAssuredTest"/>
</testsuite> <!-- RestAssuredGroup.RestAssuredArtifact.restAssuredTest -->
